3.958080367758772256e-01
6.156222920955801980e-02
5.970856939863674467e-02
3.129206788397898877e-03
0.000000000000000000e+00
2.894263351370204851e-02
0.000000000000000000e+00
0.000000000000000000e+00
2.099459681015035106e-01
0.000000000000000000e+00
0.000000000000000000e+00
0.000000000000000000e+00
2.286681756873682192e-01
0.000000000000000000e+00
1.363335341121912347e-01
0.000000000000000000e+00
0.000000000000000000e+00
0.000000000000000000e+00
0.000000000000000000e+00
0.000000000000000000e+00
0.000000000000000000e+00
4.105350273100904536e-03
0.000000000000000000e+00
0.000000000000000000e+00
0.000000000000000000e+00
0.000000000000000000e+00
0.000000000000000000e+00
0.000000000000000000e+00
0.000000000000000000e+00
0.000000000000000000e+00
0.000000000000000000e+00
0.000000000000000000e+00
0.000000000000000000e+00
0.000000000000000000e+00
0.000000000000000000e+00
0.000000000000000000e+00
0.000000000000000000e+00
0.000000000000000000e+00
1.169271294199389771e-01
0.000000000000000000e+00
0.000000000000000000e+00
0.000000000000000000e+00
0.000000000000000000e+00
0.000000000000000000e+00
0.000000000000000000e+00
0.000000000000000000e+00
0.000000000000000000e+00
0.000000000000000000e+00
0.000000000000000000e+00
0.000000000000000000e+00
0.000000000000000000e+00
1.136451157246842758e-02
0.000000000000000000e+00
1.493395727367507336e-02
0.000000000000000000e+00
0.000000000000000000e+00
0.000000000000000000e+00
0.000000000000000000e+00
0.000000000000000000e+00
0.000000000000000000e+00
3.964657140523708892e-03
0.000000000000000000e+00
0.000000000000000000e+00
0.000000000000000000e+00
0.000000000000000000e+00
0.000000000000000000e+00
0.000000000000000000e+00
0.000000000000000000e+00
2.826615689164101441e-01
4.564281396988226908e-03
0.000000000000000000e+00
0.000000000000000000e+00
3.494919424966449473e-01
2.115867861669065708e-02
0.000000000000000000e+00
0.000000000000000000e+00
1.086512837561515871e-01
0.000000000000000000e+00
1.590511560449954856e-02
0.000000000000000000e+00
1.000000000000000000e+00
0.000000000000000000e+00
9.031145017668353037e-02
0.000000000000000000e+00
0.000000000000000000e+00
0.000000000000000000e+00
0.000000000000000000e+00
1.001244303351237278e-02
0.000000000000000000e+00
0.000000000000000000e+00
3.729857517571043800e-03
0.000000000000000000e+00
0.000000000000000000e+00
0.000000000000000000e+00
0.000000000000000000e+00
0.000000000000000000e+00
